[debug] [2020-07-14T03:22:17.978Z] ----------------------------------------------------------------------
[debug] [2020-07-14T03:22:17.980Z] Command:       E:\nodeserver\node.exe C:\Users\k.kargin\AppData\Roaming\npm\node_modules\firebase-tools\lib\bin\firebase.js login
[debug] [2020-07-14T03:22:17.980Z] CLI Version:   8.5.0
[debug] [2020-07-14T03:22:17.980Z] Platform:      win32
[debug] [2020-07-14T03:22:17.980Z] Node Version:  v12.14.1
[debug] [2020-07-14T03:22:17.982Z] Time:          Tue Jul 14 2020 09:22:17 GMT+0600 (GMT+06:00)
[debug] [2020-07-14T03:22:17.982Z] ----------------------------------------------------------------------
[debug] [2020-07-14T03:22:17.982Z] 
[info] i  Firebase optionally collects CLI usage and error reporting information to help improve our products. Data is collected in accordance with Google's privacy policy (https://policies.google.com/privacy) and is not used to identify you.
 
[info] i  To change your data collection preference at any time, run `firebase logout` and log in again. 
[info] 
[info] Visit this URL on this device to log in:
[info] https://accounts.google.com/o/oauth2/auth?client_id=563584335869-fgrhgmd47bqnekij5i8b5pr03ho849e6.apps.googleusercontent.com&scope=email%20openid%20https%3A%2F%2Fwww.googleapis.com%2Fauth%2Fcloudplatformprojects.readonly%20https%3A%2F%2Fwww.googleapis.com%2Fauth%2Ffirebase%20https%3A%2F%2Fwww.googleapis.com%2Fauth%2Fcloud-platform&response_type=code&state=747721901&redirect_uri=http%3A%2F%2Flocalhost%3A9005
[info] 
[info] Waiting for authentication...
[debug] [2020-07-14T03:22:48.944Z] >>> HTTP REQUEST POST https://accounts.google.com/o/oauth2/token  
 {"code":"4/1wFT6DTeLEzCfF4900gdfT8Kep4YcszSi_1XyepNhAyFeYxt-wOTIqMc9WWGCZ4ZbY3PVK7vRET-I1Izlnj4kKU","client_id":"563584335869-fgrhgmd47bqnekij5i8b5pr03ho849e6.apps.googleusercontent.com","client_secret":"j9iVZfS8kkCEFUPaAeJV0sAi","redirect_uri":"http://localhost:9005","grant_type":"authorization_code"}
[debug] [2020-07-14T03:23:00.950Z] Token Fetch Error: FirebaseError: Server Error. getaddrinfo EAI_AGAIN accounts.google.com
    at Request._callback (C:\Users\k.kargin\AppData\Roaming\npm\node_modules\firebase-tools\lib\api.js:32:31)
    at self.callback (C:\Users\k.kargin\AppData\Roaming\npm\node_modules\firebase-tools\node_modules\request\request.js:185:22)
    at Request.emit (events.js:223:5)
    at Request.EventEmitter.emit (domain.js:475:20)
    at Request.onRequestError (C:\Users\k.kargin\AppData\Roaming\npm\node_modules\firebase-tools\node_modules\request\request.js:877:8)
    at ClientRequest.emit (events.js:223:5)
    at ClientRequest.EventEmitter.emit (domain.js:475:20)
    at TLSSocket.socketErrorListener (_http_client.js:406:9)
    at TLSSocket.emit (events.js:223:5)
    at TLSSocket.EventEmitter.emit (domain.js:475:20)
    at emitErrorNT (internal/streams/destroy.js:92:8)
    at emitErrorAndCloseNT (internal/streams/destroy.js:60:3)
    at processTicksAndRejections (internal/process/task_queues.js:81:21)
